<?xml version="1.0" encoding="UTF-8"?>
<!-- Generated by org.testng.reporters.JUnitReportReporter -->
<testsuite skipped="0" hostname="shubhams-MacBook-Pro.local" name="com.wa.qa.testcases.LoginPageTest" tests="3" failures="0" timestamp="30 Sep 2020 11:33:28 GMT" time="27.615" errors="0">
  <testcase name="loginPageTitleTest" time="3.850" classname="com.wa.qa.testcases.LoginPageTest"/>
  <testcase name="validateLogoIsDisplayed" time="9.117" classname="com.wa.qa.testcases.LoginPageTest"/>
  <testcase name="loginTest" time="14.648" classname="com.wa.qa.testcases.LoginPageTest"/>
</testsuite> <!-- com.wa.qa.testcases.LoginPageTest -->
